<?xml version="1.0" encoding="UTF-8"?>
<!-- Generated by org.testng.reporters.JUnitXMLReporter -->
<testsuite ignored="0" hostname="DESKTOP-HHO6U5A" failures="0" tests="7" name="Default test" time="6.482" errors="0" timestamp="2024-07-18T01:29:28 GMT-06:00">
  <testcase classname="tests.GetAPITest" name="createNewBoard" time="2.467"/>
  <testcase classname="tests.GetAPITest" name="verifyBoardCreatedByHasMap" time="0.412"/>
  <testcase classname="tests.GetAPITest" name="createNewList" time="0.431"/>
  <testcase classname="tests.GetAPITest" name="verifyListCreated" time="0.285"/>
  <testcase classname="tests.GetAPITest" name="createNewCard" time="0.518"/>
  <testcase classname="tests.GetAPITest" name="deleteBoard" time="1.471"/>
  <testcase classname="tests.GetAPITest" name="verifyDeleteBoard" time="0.238"/>
</testsuite> <!-- Default test -->
